#***************************************************************************

#sjplacer

#Version:            1.1

#Build Date:         Jul 19 2017 14:31:00

#File Generated:     Jan 19 2018 11:13:40

#Purpose:            

#Copyright (C) 2010-2011 by Softjin Technologies Pvt Ltd. All rights reserved.

#***************************************************************************

Executing : C:\Program Files (x86)\Cypress\PSoC Creator\4.1\PSoC Creator\bin/sjplacer.exe --proj-name cuff_mod_firmware --netlist-vh2 cuff_mod_firmware_p.vh2 --arch p35_udb4x6 --arch-file C:\Program Files (x86)\Cypress\PSoC Creator\4.1\PSoC Creator\dev\arch/udbdsi_4x6_24.cydata --ip-file C:\Program Files (x86)\Cypress\PSoC Creator\4.1\PSoC Creator\dev\psoc3/ip_blocks.cydata --rrg-file C:\Program Files (x86)\Cypress\PSoC Creator\4.1\PSoC Creator\dev\psoc3/route_arch-rrg.cydata --irq-file C:\Program Files (x86)\Cypress\PSoC Creator\4.1\PSoC Creator\dev\psoc3/irqconn.cydata --drq-file C:\Program Files (x86)\Cypress\PSoC Creator\4.1\PSoC Creator\dev\psoc3/dmaconn.cydata --dsi-conn-file C:\Program Files (x86)\Cypress\PSoC Creator\4.1\PSoC Creator\dev\psoc3/dsiconn.cydata --pins-file pins_48-SSOP.xml --lib-file cuff_mod_firmware_p.lib --sdc-file cuff_mod_firmware.sdc --io-pcf cuff_mod_firmware.pci --outdir .

		Softjin Techologies Placer, Version 1.1

Build Date : Jul 19 2017	14:29:55

D2004: Option and Settings Summary
=============================================================
Netlist vh2 file          - cuff_mod_firmware_p.vh2
Architecture file         - C:\Program Files (x86)\Cypress\PSoC Creator\4.1\PSoC Creator\dev\arch/udbdsi_4x6_24.cydata
Package                   - 
Defparam file             - 
SDC file                  - cuff_mod_firmware.sdc
Output directory          - .
Timing library            - cuff_mod_firmware_p.lib
IO Placement file         - cuff_mod_firmware.pci

D2050: Starting reading inputs for placer
=============================================================
D2065: Reading netlist file : "cuff_mod_firmware_p.vh2"
D2065: Reading arch file : "C:\Program Files (x86)\Cypress\PSoC Creator\4.1\PSoC Creator\dev\arch/udbdsi_4x6_24.cydata"
D2051: Reading of inputs for placer completed successfully

D2053: Starting placement of the design
=============================================================

Phase 2
Phase 3

Design Statistics after Packing
    Number of Combinational MCs 	:	21
    Number of Sequential MCs    	:	35
    Number of DPs               	:	20
    Number of Controls          	:	16
    Number of Status            	:	10
    Number of SyncCells         	:	7
    Number of count7cells       	:	1

Device Utilization Summary after Packing
    Macrocells                  :	56/192
    UDBS                        :	23/24
    IOs                         :	26/72


D2088: Phase 3, elapsed time : 0.0 (sec)

Phase 4
D2088: Phase 4, elapsed time : 0.0 (sec)

Phase 5
D2088: Phase 5, elapsed time : 0.0 (sec)

Phase 6

######################################################################
Placement Timing Summary

The timing summary is based on estimated routing delays after
placement. For final timing report, please carry out the timing
analysis after routing.
======================================================================

######################################################################
                     Clock Summary 
======================================================================
Number of clocks: 17
Clock: ADC_Ext_CP_Clk       | Frequency: N/A       | Target:  48.0 MHz
Clock: ADC_Ext_CP_Clk(routed) | Frequency: N/A       | Target:  48.0 MHz
Clock: ADC_theACLK          | Frequency: N/A       | Target:   2.2 MHz
Clock: ADC_theACLK(fixed-function) | Frequency: N/A       | Target:   2.2 MHz
Clock: CLOCK_ENCODERS       | Frequency:  35.6 MHz | Target:   0.2 MHz
Clock: CLOCK_PWM            | Frequency:  76.9 MHz | Target:   2.0 MHz
Clock: CLOCK_UART           | Frequency:  53.8 MHz | Target:  16.0 MHz
Clock: CyBUS_CLK            | Frequency:  70.2 MHz | Target:  48.0 MHz
Clock: CyBUS_CLK(fixed-function) | Frequency: N/A       | Target:  48.0 MHz
Clock: CyILO                | Frequency: N/A       | Target:   0.1 MHz
Clock: CyIMO                | Frequency: N/A       | Target:  24.0 MHz
Clock: CyMASTER_CLK         | Frequency: N/A       | Target:  48.0 MHz
Clock: CyPLL_OUT            | Frequency: N/A       | Target:  48.0 MHz
Clock: WATCHDOG_CLK         | Frequency: N/A       | Target:   0.0 MHz
Clock: WATCHDOG_CLK(fixed-function) | Frequency: N/A       | Target:   0.0 MHz
Clock: \ADC:DSM\/dec_clock  | Frequency: N/A       | Target:   0.1 MHz
Clock: timer_clock          | Frequency:  43.5 MHz | Target:   1.0 MHz

======================================================================
                     End of Clock Summary
######################################################################

D2088: Phase 6, elapsed time : 0.1 (sec)

Phase 7
######################################################################
                     Clock Summary 
======================================================================
Number of clocks: 17
Clock: ADC_Ext_CP_Clk       | Frequency: N/A       | Target:  48.0 MHz
Clock: ADC_Ext_CP_Clk(routed) | Frequency: N/A       | Target:  48.0 MHz
Clock: ADC_theACLK          | Frequency: N/A       | Target:   2.2 MHz
Clock: ADC_theACLK(fixed-function) | Frequency: N/A       | Target:   2.2 MHz
Clock: CLOCK_ENCODERS       | Frequency:   2.5 MHz | Target:   0.2 MHz
Clock: CLOCK_PWM            | Frequency:  74.5 MHz | Target:   2.0 MHz
Clock: CLOCK_UART           | Frequency:  46.9 MHz | Target:  16.0 MHz
Clock: CyBUS_CLK            | Frequency:   5.0 MHz | Target:  48.0 MHz
Clock: CyBUS_CLK(fixed-function) | Frequency: N/A       | Target:  48.0 MHz
Clock: CyILO                | Frequency: N/A       | Target:   0.1 MHz
Clock: CyIMO                | Frequency: N/A       | Target:  24.0 MHz
Clock: CyMASTER_CLK         | Frequency: N/A       | Target:  48.0 MHz
Clock: CyPLL_OUT            | Frequency: N/A       | Target:  48.0 MHz
Clock: WATCHDOG_CLK         | Frequency: N/A       | Target:   0.0 MHz
Clock: WATCHDOG_CLK(fixed-function) | Frequency: N/A       | Target:   0.0 MHz
Clock: \ADC:DSM\/dec_clock  | Frequency: N/A       | Target:   0.1 MHz
Clock: timer_clock          | Frequency:  43.9 MHz | Target:   1.0 MHz

======================================================================
                     End of Clock Summary
######################################################################
D2088: Phase 7, elapsed time : 1.5 (sec)

Final Design Statistics
    Number of Combinational MCs 	:	21
    Number of Sequential MCs    	:	35
    Number of DPs               	:	20
    Number of Controls          	:	16
    Number of Status            	:	10
    Number of SyncCells         	:	7
    Number of count7cells       	:	1
    Number of IOs       	:	26

Device Utilization Summary
    Macrocells                  :	56/192
    IOs                         :	26/72



######################################################################
Placement Timing Summary

The timing summary is based on estimated routing delays after
placement. For final timing report, please carry out the timing
analysis after routing.
======================================================================


######################################################################
                     Clock Summary 
======================================================================
Number of clocks: 17
Clock: ADC_Ext_CP_Clk       | Frequency: N/A       | Target:  48.0 MHz
Clock: ADC_Ext_CP_Clk(routed) | Frequency: N/A       | Target:  48.0 MHz
Clock: ADC_theACLK          | Frequency: N/A       | Target:   2.2 MHz
Clock: ADC_theACLK(fixed-function) | Frequency: N/A       | Target:   2.2 MHz
Clock: CLOCK_ENCODERS       | Frequency:   2.5 MHz | Target:   0.2 MHz
Clock: CLOCK_PWM            | Frequency:  76.9 MHz | Target:   2.0 MHz
Clock: CLOCK_UART           | Frequency:  55.6 MHz | Target:  16.0 MHz
Clock: CyBUS_CLK            | Frequency:   5.0 MHz | Target:  48.0 MHz
Clock: CyBUS_CLK(fixed-function) | Frequency: N/A       | Target:  48.0 MHz
Clock: CyILO                | Frequency: N/A       | Target:   0.1 MHz
Clock: CyIMO                | Frequency: N/A       | Target:  24.0 MHz
Clock: CyMASTER_CLK         | Frequency: N/A       | Target:  48.0 MHz
Clock: CyPLL_OUT            | Frequency: N/A       | Target:  48.0 MHz
Clock: WATCHDOG_CLK         | Frequency: N/A       | Target:   0.0 MHz
Clock: WATCHDOG_CLK(fixed-function) | Frequency: N/A       | Target:   0.0 MHz
Clock: \ADC:DSM\/dec_clock  | Frequency: N/A       | Target:   0.1 MHz
Clock: timer_clock          | Frequency:  43.5 MHz | Target:   1.0 MHz

======================================================================
                     End of Clock Summary
######################################################################

Phase 8
D2088: Phase 8, elapsed time : 0.0 (sec)

D2054: Placement of the design completed successfully

I2076: Total run-time: 2.5 sec.

