--------------- Build Started: 02/05/2018 13:58:50 Project: cuff_mod_firmware, Configuration: DP8051 Keil 9.51 Release ---------------
cydsfit.exe -.appdatapath "C:\Users\MattiaCP\AppData\Local\Cypress Semiconductor\PSoC Creator\4.1" -.fdsnotice -.fdswarpdepfile=warp_dependencies.txt -.fdselabdepfile=elab_dependencies.txt -.fdsbldfile=generated_files.txt -.fdsreffile=referenced_files.txt -p C:\Users\MattiaCP\Documents\GITHUB\CUFF\cuff_mod_firmware.cydsn\cuff_mod_firmware.cyprj -d CY8C3246PVI-147 -s C:\Users\MattiaCP\Documents\GITHUB\CUFF\cuff_mod_firmware.cydsn\Generated_Source\PSoC3 -- -yv2 -q10 -ygs -o2 -v3 -.fftcfgtype=BE
Elaborating Design...
HDL Generation...
Synthesis...
Tech Mapping...
Analog Placement...
Info: apr.M0002: Analog signal "\ADC:Net_35\" is connected to one terminal only. (App=cydsfit)
Analog Routing...
Analog Code Generation...
Digital Placement...
Digital Routing...
Bitstream Generation...
Bitstream Verification...
Static timing analysis...
API Generation...
Dependency Generation...
Cleanup...
The compile step is up to date, no work needs to be done.
The link step is up to date, no work needs to be done.
cysymboladdressfinder.exe -f .\DP8051_Keil_951\Release\cuff_mod_firmware.elf -s STARTUP1 -p .\DP8051_Keil_951\Release\entryaddress.txt -l FF0000
CyHexTool -o C:\Users\MattiaCP\Documents\GITHUB\CUFF\cuff_mod_firmware.cydsn\DP8051_Keil_951\Release\cuff_mod_firmware.cyacd -f C:\Users\MattiaCP\Documents\GITHUB\CUFF\cuff_mod_firmware.cydsn\DP8051_Keil_951\Release\cuff_mod_firmware.ihx -flsLine 256 -arraySize 65536 -id 1E093069 -rev 3 -ecc Generated_Source\PSoC3\config.hex -metaRow 0 -blver 000000000000000000000000000000000000 -chksumEcc -blChkType 0 -endian b -a EEPROM=90200000:800,PROGRAM=00000000:10000,CONFIG=80000000:2000,PROTECT=90400000:40 -acd -acdStart 2600 -e .\DP8051_Keil_951\Release\entryaddress.txt
CyHexTool -o C:\Users\MattiaCP\Documents\GITHUB\CUFF\cuff_mod_firmware.cydsn\DP8051_Keil_951\Release\cuff_mod_firmware.hex -flsLine 256 -arraySize 65536 -bl ..\bootloader_bin\bootloader.hex -blver 000000000000000000000000000000000000 -chksumEcc -blChkType 0 -endian b -prot Generated_Source\PSoC3\protect.hex -id 1E093069 -a EEPROM=90200000:800,PROGRAM=00000000:10000,CONFIG=80000000:2000,PROTECT=90400000:40 -meta 0301 -cunv 0800C007 -wonv BC90ACAF -ecc Generated_Source\PSoC3\config.hex -ld C:\Users\MattiaCP\Documents\GITHUB\CUFF\cuff_mod_firmware.cydsn\DP8051_Keil_951\Release\cuff_mod_firmware.ihx=2600:D9BF -acdStart 2600 -e .\DP8051_Keil_951\Release\entryaddress.txt
Flash used: 256 of 65536 bytes (0.4%). Metadata: 256 bytes.
SRAM used: 0 of 8192 bytes (0.0%).
--------------- Build Succeeded: 02/05/2018 13:59:15 ---------------
